{"name": "Получение списка заказов", "status": "failed", "statusDetails": {"message": "AssertionError: assert 504 == 200\n +  where 504 = <Response [504]>.status_code", "trace": "self = <tests.orders.test_get_order.TestGetOrder object at 0x1040e4310>\n\n    @allure.title(\"Получение списка заказов\")\n    def test_get_order(self):\n        response = OrderMethods().get_orders()\n>       assert response.status_code == 200\nE       assert 504 == 200\nE        +  where 504 = <Response [504]>.status_code\n\ntests/orders/test_get_order.py:11: AssertionError"}, "start": 1734165517396, "stop": 1734165577473, "uuid": "58c11b7a-5785-4708-8471-7b80af5d7f60", "historyId": "f4d761e20910fbb08dd203b52b0ba4b4", "testCaseId": "f4d761e20910fbb08dd203b52b0ba4b4", "fullName": "tests.orders.test_get_order.TestGetOrder#test_get_order", "labels": [{"name": "parentSuite", "value": "tests.orders"}, {"name": "suite", "value": "test_get_order"}, {"name": "subSuite", "value": "TestGetOrder"}, {"name": "host", "value": "MBP-Karinv"}, {"name": "thread", "value": "14070-MainThread"}, {"name": "framework", "value": "pytest"}, {"name": "language", "value": "cpython3"}, {"name": "package", "value": "tests.orders.test_get_order"}]}